Using pre-set license
Built from '2020.2/release' branch; Version is '2020.2.2f1 (068178b99f32) revision 426360'; Using compiler version '192528614'; Build Type 'Release'
OS: 'Windows 10 Pro; OS build 19041.804; Version 2004; 64bit' Language: 'nl' Physical Memory: 16062 MB
BatchMode: 1, IsHumanControllingUs: 0, StartBugReporterOnCrash: 0, Is64bit: 1, IsPro: 0

 COMMAND LINE ARGUMENTS:
C:\Program Files\Unity\Hub\Editor\2020.2.2f1\Editor\Unity.exe
-adb2
-batchMode
-noUpm
-name
AssetImportWorker0
-projectPath
C:/Users/Gebruiker/Desktop/GameDev/OW2DSailing/UnityProject/OW2DSailing
-logFile
Logs/AssetImportWorker0.log
-srvPort
52529
Successfully changed project path to: C:/Users/Gebruiker/Desktop/GameDev/OW2DSailing/UnityProject/OW2DSailing
C:/Users/Gebruiker/Desktop/GameDev/OW2DSailing/UnityProject/OW2DSailing
Using Asset Import Pipeline V2.
Refreshing native plugins compatible for Editor in 61.20 ms, found 1 plugins.
Preloading 0 native plugins for Editor in 0.00 ms.
Initialize engine version: 2020.2.2f1 (068178b99f32)
[Subsystems] Discovering subsystems at path C:/Program Files/Unity/Hub/Editor/2020.2.2f1/Editor/Data/Resources/UnitySubsystems
[Subsystems] Discovering subsystems at path C:/Users/Gebruiker/Desktop/GameDev/OW2DSailing/UnityProject/OW2DSailing/Assets
GfxDevice: creating device client; threaded=0
Direct3D:
    Version:  Direct3D 11.0 [level 11.1]
    Renderer: NVIDIA GeForce GTX 1070 (ID=0x1b81)
    Vendor:   
    VRAM:     8088 MB
    Driver:   27.21.14.6109
Shader 'Universal Render Pipeline/Particles/Lit': fallback shader 'Universal Render Pipeline/Particles/SimpleLit' not found
Initialize mono
Mono path[0] = 'C:/Program Files/Unity/Hub/Editor/2020.2.2f1/Editor/Data/Managed'
Mono path[1] = 'C:/Program Files/Unity/Hub/Editor/2020.2.2f1/Editor/Data/MonoBleedingEdge/lib/mono/unityjit'
Mono config path = 'C:/Program Files/Unity/Hub/Editor/2020.2.2f1/Editor/Data/MonoBleedingEdge/etc'
Using monoOptions --debugger-agent=transport=dt_socket,embedding=1,server=y,suspend=n,address=127.0.0.1:56892
Begin MonoManager ReloadAssembly
Registering precompiled unity dll's ...
Register platform support module: C:/Program Files/Unity/Hub/Editor/2020.2.2f1/Editor/Data/PlaybackEngines/WindowsStandaloneSupport/UnityEditor.WindowsStandalone.Extensions.dll
Registered in 0.009012 seconds.
Native extension for WindowsStandalone target not found
Refreshing native plugins compatible for Editor in 51.29 ms, found 1 plugins.
Preloading 0 native plugins for Editor in 0.00 ms.
Invoked RoslynAnalysisRunner static constructor.
RoslynAnalysisRunner will not be running.
RoslynAnalysisRunner has terminated.
Mono: successfully reloaded assembly
- Completed reload, in  1.123 seconds
Platform modules already initialized, skipping
Registering precompiled user dll's ...
Registered in 0.005955 seconds.
Begin MonoManager ReloadAssembly
Native extension for WindowsStandalone target not found
Refreshing native plugins compatible for Editor in 57.60 ms, found 1 plugins.
Preloading 0 native plugins for Editor in 0.00 ms.
Invoked RoslynAnalysisRunner static constructor.
RoslynAnalysisRunner will not be running.
RoslynAnalysisRunner has terminated.
Mono: successfully reloaded assembly
- Completed reload, in  1.413 seconds
Platform modules already initialized, skipping
========================================================================
Worker process is ready to serve import requests
Shader 'Universal Render Pipeline/Particles/Lit': fallback shader 'Universal Render Pipeline/Particles/SimpleLit' not found
Launched and connected shader compiler UnityShaderCompiler.exe after 0.09 seconds
Refreshing native plugins compatible for Editor in 0.58 ms, found 1 plugins.
Preloading 0 native plugins for Editor in 0.00 ms.
Unloading 2950 Unused Serialized files (Serialized files now loaded: 0)
System memory in use before: 129.8 MB.
System memory in use after: 129.9 MB.

Unloading 25 unused Assets to reduce memory usage. Loaded Objects now: 3395.
Total: 2.901900 ms (FindLiveObjects: 0.375400 ms CreateObjectMapping: 0.166700 ms MarkObjects: 2.202500 ms  DeleteObjects: 0.155900 ms)

========================================================================
Received Import Request.
  path: Assets/script/MapGenerator.cs
  artifactKey: Guid(310cf6453919507438e5ca928b9d49f9) Importer(815301076,1909f56bfc062723c751e8b465ee728b)
Start importing Assets/script/MapGenerator.cs using Guid(310cf6453919507438e5ca928b9d49f9) Importer(815301076,1909f56bfc062723c751e8b465ee728b)  -> (artifact id: 'a8ddb410bf763d91672af0e8904c0e27') in 0.041720 seconds
  Import took 0.046838 seconds .

========================================================================
Received Import Request.
  Time since last request: 1257.494817 seconds.
  path: Assets/script/MapGenerator.cs
  artifactKey: Guid(310cf6453919507438e5ca928b9d49f9) Importer(815301076,1909f56bfc062723c751e8b465ee728b)
Start importing Assets/script/MapGenerator.cs using Guid(310cf6453919507438e5ca928b9d49f9) Importer(815301076,1909f56bfc062723c751e8b465ee728b)  -> (artifact id: '7e21b4cfd50f2e1f87a6b15ca718aece') in 0.008995 seconds
  Import took 0.020198 seconds .

========================================================================
Received Import Request.
  Time since last request: 0.137519 seconds.
  path: Assets/script/MapGenerator.cs
  artifactKey: Guid(310cf6453919507438e5ca928b9d49f9) Importer(815301076,1909f56bfc062723c751e8b465ee728b)
Start importing Assets/script/MapGenerator.cs using Guid(310cf6453919507438e5ca928b9d49f9) Importer(815301076,1909f56bfc062723c751e8b465ee728b)  -> (artifact id: '7e21b4cfd50f2e1f87a6b15ca718aece') in 0.006839 seconds
  Import took 0.012956 seconds .

========================================================================
Received Import Request.
  Time since last request: 4.688718 seconds.
  path: Assets/script/MapGenerator.cs
  artifactKey: Guid(310cf6453919507438e5ca928b9d49f9) Importer(815301076,1909f56bfc062723c751e8b465ee728b)
Start importing Assets/script/MapGenerator.cs using Guid(310cf6453919507438e5ca928b9d49f9) Importer(815301076,1909f56bfc062723c751e8b465ee728b)  -> (artifact id: 'af57f78b74207971ed19d50a47a0cbcd') in 0.008568 seconds
  Import took 0.013963 seconds .

========================================================================
Received Prepare
Registering precompiled user dll's ...
Registered in 0.005219 seconds.
Begin MonoManager ReloadAssembly
Native extension for WindowsStandalone target not found
Refreshing native plugins compatible for Editor in 0.57 ms, found 1 plugins.
Preloading 0 native plugins for Editor in 0.00 ms.
Invoked RoslynAnalysisRunner static constructor.
RoslynAnalysisRunner will not be running.
RoslynAnalysisRunner has terminated.
Mono: successfully reloaded assembly
- Completed reload, in  1.221 seconds
Platform modules already initialized, skipping
Shader 'Universal Render Pipeline/Particles/Lit': fallback shader 'Universal Render Pipeline/Particles/SimpleLit' not found
Refreshing native plugins compatible for Editor in 0.59 ms, found 1 plugins.
Preloading 0 native plugins for Editor in 0.00 ms.
Unloading 2841 Unused Serialized files (Serialized files now loaded: 0)
System memory in use before: 124.2 MB.
System memory in use after: 124.4 MB.

Unloading 13 unused Assets to reduce memory usage. Loaded Objects now: 3399.
Total: 3.326400 ms (FindLiveObjects: 0.516300 ms CreateObjectMapping: 0.222800 ms MarkObjects: 2.456200 ms  DeleteObjects: 0.129500 ms)

========================================================================
Received Prepare
Registering precompiled user dll's ...
Registered in 0.006815 seconds.
Begin MonoManager ReloadAssembly
Native extension for WindowsStandalone target not found
Refreshing native plugins compatible for Editor in 0.62 ms, found 1 plugins.
Preloading 0 native plugins for Editor in 0.00 ms.
Invoked RoslynAnalysisRunner static constructor.
RoslynAnalysisRunner will not be running.
RoslynAnalysisRunner has terminated.
Mono: successfully reloaded assembly
- Completed reload, in  1.218 seconds
Platform modules already initialized, skipping
Shader 'Universal Render Pipeline/Particles/Lit': fallback shader 'Universal Render Pipeline/Particles/SimpleLit' not found
Refreshing native plugins compatible for Editor in 0.60 ms, found 1 plugins.
Preloading 0 native plugins for Editor in 0.00 ms.
Unloading 2841 Unused Serialized files (Serialized files now loaded: 0)
System memory in use before: 125.3 MB.
System memory in use after: 125.4 MB.

Unloading 13 unused Assets to reduce memory usage. Loaded Objects now: 3403.
Total: 4.140000 ms (FindLiveObjects: 0.395400 ms CreateObjectMapping: 0.173900 ms MarkObjects: 3.425200 ms  DeleteObjects: 0.143600 ms)

========================================================================
Received Import Request.
  Time since last request: 189.218663 seconds.
  path: Assets/script/MapGenerator.cs
  artifactKey: Guid(310cf6453919507438e5ca928b9d49f9) Importer(815301076,1909f56bfc062723c751e8b465ee728b)
Start importing Assets/script/MapGenerator.cs using Guid(310cf6453919507438e5ca928b9d49f9) Importer(815301076,1909f56bfc062723c751e8b465ee728b)  -> (artifact id: '754811fec3ef8eeba378b81d0b90849d') in 0.010191 seconds
  Import took 0.015210 seconds .

========================================================================
Received Prepare
Registering precompiled user dll's ...
Registered in 0.005399 seconds.
Begin MonoManager ReloadAssembly
Native extension for WindowsStandalone target not found
Refreshing native plugins compatible for Editor in 0.59 ms, found 1 plugins.
Preloading 0 native plugins for Editor in 0.00 ms.
Invoked RoslynAnalysisRunner static constructor.
RoslynAnalysisRunner will not be running.
RoslynAnalysisRunner has terminated.
Mono: successfully reloaded assembly
- Completed reload, in  1.223 seconds
Platform modules already initialized, skipping
Shader 'Universal Render Pipeline/Particles/Lit': fallback shader 'Universal Render Pipeline/Particles/SimpleLit' not found
Refreshing native plugins compatible for Editor in 0.62 ms, found 1 plugins.
Preloading 0 native plugins for Editor in 0.00 ms.
Unloading 2841 Unused Serialized files (Serialized files now loaded: 0)
System memory in use before: 125.3 MB.
System memory in use after: 125.5 MB.

Unloading 13 unused Assets to reduce memory usage. Loaded Objects now: 3407.
Total: 2.861700 ms (FindLiveObjects: 0.362500 ms CreateObjectMapping: 0.152500 ms MarkObjects: 2.217700 ms  DeleteObjects: 0.127500 ms)

========================================================================
Received Import Request.
  Time since last request: 936.394910 seconds.
  path: Assets/script/TextureGenerator.cs
  artifactKey: Guid(6324cca25783fc14d85967cc59845d47) Importer(815301076,1909f56bfc062723c751e8b465ee728b)
Start importing Assets/script/TextureGenerator.cs using Guid(6324cca25783fc14d85967cc59845d47) Importer(815301076,1909f56bfc062723c751e8b465ee728b)  -> (artifact id: '17f1a3b4032a5be1d084a98087a24f4f') in 0.017080 seconds
  Import took 0.023336 seconds .

========================================================================
Received Prepare
Registering precompiled user dll's ...
Registered in 0.005261 seconds.
Begin MonoManager ReloadAssembly
Native extension for WindowsStandalone target not found
Refreshing native plugins compatible for Editor in 0.62 ms, found 1 plugins.
Preloading 0 native plugins for Editor in 0.00 ms.
Invoked RoslynAnalysisRunner static constructor.
RoslynAnalysisRunner will not be running.
RoslynAnalysisRunner has terminated.
Mono: successfully reloaded assembly
- Completed reload, in  1.235 seconds
Platform modules already initialized, skipping
Shader 'Universal Render Pipeline/Particles/Lit': fallback shader 'Universal Render Pipeline/Particles/SimpleLit' not found
Refreshing native plugins compatible for Editor in 0.93 ms, found 1 plugins.
Preloading 0 native plugins for Editor in 0.00 ms.
Unloading 2842 Unused Serialized files (Serialized files now loaded: 0)
System memory in use before: 125.4 MB.
System memory in use after: 125.5 MB.

Unloading 13 unused Assets to reduce memory usage. Loaded Objects now: 3412.
Total: 3.187900 ms (FindLiveObjects: 0.366000 ms CreateObjectMapping: 0.179900 ms MarkObjects: 2.501300 ms  DeleteObjects: 0.139000 ms)

========================================================================
Received Import Request.
  Time since last request: 23.326688 seconds.
  path: Assets/script/TextureGenerator.cs
  artifactKey: Guid(6324cca25783fc14d85967cc59845d47) Importer(815301076,1909f56bfc062723c751e8b465ee728b)
Start importing Assets/script/TextureGenerator.cs using Guid(6324cca25783fc14d85967cc59845d47) Importer(815301076,1909f56bfc062723c751e8b465ee728b)  -> (artifact id: '65877f0bb3cad16adef54cba15e94404') in 0.009719 seconds
  Import took 0.014587 seconds .

========================================================================
Received Prepare
Registering precompiled user dll's ...
Registered in 0.040698 seconds.
Begin MonoManager ReloadAssembly
Native extension for WindowsStandalone target not found
Refreshing native plugins compatible for Editor in 0.59 ms, found 1 plugins.
Preloading 0 native plugins for Editor in 0.00 ms.
Invoked RoslynAnalysisRunner static constructor.
RoslynAnalysisRunner will not be running.
RoslynAnalysisRunner has terminated.
Mono: successfully reloaded assembly
- Completed reload, in  1.253 seconds
Platform modules already initialized, skipping
Shader 'Universal Render Pipeline/Particles/Lit': fallback shader 'Universal Render Pipeline/Particles/SimpleLit' not found
Refreshing native plugins compatible for Editor in 0.59 ms, found 1 plugins.
Preloading 0 native plugins for Editor in 0.00 ms.
Unloading 2842 Unused Serialized files (Serialized files now loaded: 0)
System memory in use before: 125.4 MB.
System memory in use after: 125.5 MB.

Unloading 13 unused Assets to reduce memory usage. Loaded Objects now: 3416.
Total: 3.047700 ms (FindLiveObjects: 0.503500 ms CreateObjectMapping: 0.190500 ms MarkObjects: 2.223200 ms  DeleteObjects: 0.129200 ms)

========================================================================
Received Import Request.
  Time since last request: 864.093256 seconds.
  path: Assets/script/TextureGenerator.cs
  artifactKey: Guid(6324cca25783fc14d85967cc59845d47) Importer(815301076,1909f56bfc062723c751e8b465ee728b)
Start importing Assets/script/TextureGenerator.cs using Guid(6324cca25783fc14d85967cc59845d47) Importer(815301076,1909f56bfc062723c751e8b465ee728b)  -> (artifact id: 'ee14b60ccc2d4e397420970fa002145e') in 0.015424 seconds
  Import took 0.021689 seconds .

========================================================================
Received Prepare
Registering precompiled user dll's ...
Registered in 0.005098 seconds.
Begin MonoManager ReloadAssembly
Native extension for WindowsStandalone target not found
Refreshing native plugins compatible for Editor in 0.75 ms, found 1 plugins.
Preloading 0 native plugins for Editor in 0.00 ms.
Invoked RoslynAnalysisRunner static constructor.
RoslynAnalysisRunner will not be running.
RoslynAnalysisRunner has terminated.
Mono: successfully reloaded assembly
- Completed reload, in  1.251 seconds
Platform modules already initialized, skipping
Shader 'Universal Render Pipeline/Particles/Lit': fallback shader 'Universal Render Pipeline/Particles/SimpleLit' not found
Refreshing native plugins compatible for Editor in 0.62 ms, found 1 plugins.
Preloading 0 native plugins for Editor in 0.00 ms.
Unloading 2842 Unused Serialized files (Serialized files now loaded: 0)
System memory in use before: 125.4 MB.
System memory in use after: 125.5 MB.

Unloading 13 unused Assets to reduce memory usage. Loaded Objects now: 3420.
Total: 3.487900 ms (FindLiveObjects: 0.401200 ms CreateObjectMapping: 0.179400 ms MarkObjects: 2.740200 ms  DeleteObjects: 0.165500 ms)

========================================================================
Received Import Request.
  Time since last request: 182.374591 seconds.
  path: Assets/script/TextureGenerator.cs
  artifactKey: Guid(6324cca25783fc14d85967cc59845d47) Importer(815301076,1909f56bfc062723c751e8b465ee728b)
Start importing Assets/script/TextureGenerator.cs using Guid(6324cca25783fc14d85967cc59845d47) Importer(815301076,1909f56bfc062723c751e8b465ee728b)  -> (artifact id: '5ca6a0253b80578951180ad6bf45985e') in 0.010463 seconds
  Import took 0.015297 seconds .

========================================================================
Received Import Request.
  Time since last request: 3264.486967 seconds.
  path: Assets/script/MeshGenerator.cs
  artifactKey: Guid(3a3f4c07cec5e364aa0a3d0da2c1d01c) Importer(815301076,1909f56bfc062723c751e8b465ee728b)
Start importing Assets/script/MeshGenerator.cs using Guid(3a3f4c07cec5e364aa0a3d0da2c1d01c) Importer(815301076,1909f56bfc062723c751e8b465ee728b)  -> (artifact id: '3e15c7c3d49ec5f2cbe929b479ccd274') in 0.020647 seconds
  Import took 0.043023 seconds .

========================================================================
Received Prepare
Registering precompiled user dll's ...
Registered in 0.006153 seconds.
Begin MonoManager ReloadAssembly
Native extension for WindowsStandalone target not found
Refreshing native plugins compatible for Editor in 0.59 ms, found 1 plugins.
Preloading 0 native plugins for Editor in 0.00 ms.
Invoked RoslynAnalysisRunner static constructor.
RoslynAnalysisRunner will not be running.
RoslynAnalysisRunner has terminated.
Mono: successfully reloaded assembly
- Completed reload, in  1.284 seconds
Platform modules already initialized, skipping
Shader 'Universal Render Pipeline/Particles/Lit': fallback shader 'Universal Render Pipeline/Particles/SimpleLit' not found
Refreshing native plugins compatible for Editor in 0.59 ms, found 1 plugins.
Preloading 0 native plugins for Editor in 0.00 ms.
Unloading 2843 Unused Serialized files (Serialized files now loaded: 0)
System memory in use before: 125.4 MB.
System memory in use after: 125.6 MB.

Unloading 13 unused Assets to reduce memory usage. Loaded Objects now: 3425.
Total: 3.017600 ms (FindLiveObjects: 0.383500 ms CreateObjectMapping: 0.158700 ms MarkObjects: 2.333100 ms  DeleteObjects: 0.140800 ms)

========================================================================
Received Import Request.
  Time since last request: 15.132769 seconds.
  path: Assets/script/MeshGenerator.cs
  artifactKey: Guid(3a3f4c07cec5e364aa0a3d0da2c1d01c) Importer(815301076,1909f56bfc062723c751e8b465ee728b)
Start importing Assets/script/MeshGenerator.cs using Guid(3a3f4c07cec5e364aa0a3d0da2c1d01c) Importer(815301076,1909f56bfc062723c751e8b465ee728b)  -> (artifact id: 'c9abf075509c099991323097e1a87979') in 0.010353 seconds
  Import took 0.015393 seconds .

========================================================================
Received Prepare
Registering precompiled user dll's ...
Registered in 0.006490 seconds.
Begin MonoManager ReloadAssembly
Native extension for WindowsStandalone target not found
Refreshing native plugins compatible for Editor in 0.59 ms, found 1 plugins.
Preloading 0 native plugins for Editor in 0.00 ms.
Invoked RoslynAnalysisRunner static constructor.
RoslynAnalysisRunner will not be running.
RoslynAnalysisRunner has terminated.
Mono: successfully reloaded assembly
- Completed reload, in  1.218 seconds
Platform modules already initialized, skipping
Shader 'Universal Render Pipeline/Particles/Lit': fallback shader 'Universal Render Pipeline/Particles/SimpleLit' not found
Refreshing native plugins compatible for Editor in 1.09 ms, found 1 plugins.
Preloading 0 native plugins for Editor in 0.00 ms.
Unloading 2843 Unused Serialized files (Serialized files now loaded: 0)
System memory in use before: 125.4 MB.
System memory in use after: 125.5 MB.

Unloading 13 unused Assets to reduce memory usage. Loaded Objects now: 3429.
Total: 2.937500 ms (FindLiveObjects: 0.375500 ms CreateObjectMapping: 0.139600 ms MarkObjects: 2.280400 ms  DeleteObjects: 0.140400 ms)

========================================================================
Received Import Request.
  Time since last request: 2186.377443 seconds.
  path: Assets/script/MeshGenerator.cs
  artifactKey: Guid(3a3f4c07cec5e364aa0a3d0da2c1d01c) Importer(815301076,1909f56bfc062723c751e8b465ee728b)
Start importing Assets/script/MeshGenerator.cs using Guid(3a3f4c07cec5e364aa0a3d0da2c1d01c) Importer(815301076,1909f56bfc062723c751e8b465ee728b)  -> (artifact id: '602caef15e5ed33225fad095d6eb4f5b') in 0.009715 seconds
  Import took 0.014586 seconds .

AssetImportWorkerClient::OnTransportError - code=2 error=End of file
